<?xml version="1.0" encoding="UTF-8"?>
<!-- Generated by org.testng.reporters.JUnitReportReporter -->
<testsuite hostname="LAPTOP-P41E42H4" failures="0" tests="1" name="cucumber.TestNGTestRunner" time="7.638" errors="0" timestamp="2025-08-13T21:26:09 IST" skipped="0">
  <testcase classname="cucumber.TestNGTestRunner" name="runScenario" time="7.638"/>
</testsuite> <!-- cucumber.TestNGTestRunner -->
