<?xml version="1.0" encoding="UTF-8"?>
<!-- Generated by org.testng.reporters.JUnitReportReporter -->
<testsuite hostname="LAPTOP-P41E42H4" failures="0" tests="4" name="Prakash.tests.AddProductToCart" time="32.391" errors="0" timestamp="2025-07-20T18:01:29 IST" skipped="0">
  <testcase classname="Prakash.tests.AddProductToCart" name="submitOrderTest" time="9.977"/>
  <testcase classname="Prakash.tests.AddProductToCart" name="orderHistory" time="7.908"/>
  <testcase classname="Prakash.tests.AddProductToCart" name="orderHistory" time="5.053"/>
  <testcase classname="Prakash.tests.AddProductToCart" name="submitOrderTest" time="9.453"/>
</testsuite> <!-- Prakash.tests.AddProductToCart -->
