<?xml version="1.0" encoding="UTF-8"?>
<!-- Generated by org.testng.reporters.JUnitReportReporter -->
<testsuite hostname="LAPTOP-P41E42H4" failures="0" tests="1" name="cucumber.TestNGTestRunner" time="5.368" errors="0" timestamp="2025-07-29T00:19:13 IST" skipped="0">
  <testcase classname="cucumber.TestNGTestRunner" name="runScenario" time="5.368"/>
</testsuite> <!-- cucumber.TestNGTestRunner -->
